<?xml version="1.0" encoding="UTF-8"?>
<testsuite name="edu.coursera.concurrent.ListSetTest" time="1,290.367" tests="6" errors="0" skipped="0" failures="3">
  <properties>
[...]
</properties>
  <testcase name="testCoarseGrainedLockingRandomLarge" classname="edu.coursera.concurrent.ListSetTest" time="648.553"/>
  <testcase name="testCoarseGrainedLockingRepeatingLarge" classname="edu.coursera.concurrent.ListSetTest" time="121.066">
    <failure message="Expected remove throughput to remain similar (at least 0.600000x) with locks, but found 0.219873x" type="junit.framework.AssertionFailedError">junit.framework.AssertionFailedError: Expected remove throughput to remain similar (at least 0.600000x) with locks, but found 0.219873x
	at junit.framework.Assert.fail(Assert.java:47)
	at junit.framework.Assert.assertTrue(Assert.java:20)
	at edu.coursera.concurrent.ListSetTest.testCoarseGrainedLockingHelper(ListSetTest.java:182)
	at edu.coursera.concurrent.ListSetTest.testCoarseGrainedLockingRepeatingLarge(ListSetTest.java:69)
</failure>
    <system-out><![CDATA[=========================================================
CoarseList vs. SyncList (Large Repeating)
=========================================================
# threads = 8
0.8731579929117702x improvement in add throughput (102.54219183935056 -> 89.53553441522104)
0.7694202978794086x improvement in contains throughput (138.16428597128774 -> 106.30640606832401)
0.21987278665979024x improvement in remove throughput (3002.3455824863177 -> 660.1340897369778)
=========================================================
]]></system-out>
  </testcase>
  <testcase name="testReadWriteLocksRandomSmall" classname="edu.coursera.concurrent.ListSetTest" time="140.946"/>
  <testcase name="testReadWriteLocksRepeatingLarge" classname="edu.coursera.concurrent.ListSetTest" time="95.265">
    <failure message="Expected remove throughput improvement to be at least 0.500000x with read-write locks, but found 0.291890x" type="junit.framework.AssertionFailedError">junit.framework.AssertionFailedError: Expected remove throughput improvement to be at least 0.500000x with read-write locks, but found 0.291890x
	at junit.framework.Assert.fail(Assert.java:47)
	at junit.framework.Assert.assertTrue(Assert.java:20)
	at edu.coursera.concurrent.ListSetTest.testReadWriteLocksHelper(ListSetTest.java:229)
	at edu.coursera.concurrent.ListSetTest.testReadWriteLocksRepeatingLarge(ListSetTest.java:117)
</failure>
    <system-out><![CDATA[=========================================================
RWCoarseList vs. SyncList (Large Repeating)
=========================================================
# threads = 8
0.7898972683804385x improvement in add throughput (115.07341923883727 -> 90.89617951995456)
4.0035097571248075x improvement in contains throughput (134.65652067187992 -> 539.0986943703496)
0.2918900804289544x improvement in remove throughput (2204.3628013777266 -> 643.4316353887399)
=========================================================
]]></system-out>
  </testcase>
  <testcase name="testReadWriteLocksRandomLarge" classname="edu.coursera.concurrent.ListSetTest" time="235.074"/>
  <testcase name="testReadWriteLocksRepeatingSmall" classname="edu.coursera.concurrent.ListSetTest" time="49.463">
    <failure message="Expected remove throughput improvement to be at least 0.400000x with read-write locks, but found 0.253389x" type="junit.framework.AssertionFailedError">junit.framework.AssertionFailedError: Expected remove throughput improvement to be at least 0.400000x with read-write locks, but found 0.253389x
	at junit.framework.Assert.fail(Assert.java:47)
	at junit.framework.Assert.assertTrue(Assert.java:20)
	at edu.coursera.concurrent.ListSetTest.testReadWriteLocksHelper(ListSetTest.java:229)
	at edu.coursera.concurrent.ListSetTest.testReadWriteLocksRepeatingSmall(ListSetTest.java:133)
</failure>
    <system-out><![CDATA[=========================================================
RWCoarseList vs. SyncList (Small Repeating)
=========================================================
# threads = 8
0.7532286906417645x improvement in add throughput (126.61566868900026 -> 95.37055434134712)
4.016657093624354x improvement in contains throughput (137.28013728013727 -> 551.4072372199885)
0.2533891213389121x improvement in remove throughput (1268.1638044914134 -> 321.3389121338912)
=========================================================
]]></system-out>
  </testcase>
</testsuite>